[debug] [2023-01-11T18:19:33.763Z] ----------------------------------------------------------------------
[debug] [2023-01-11T18:19:33.766Z] Command:       C:\Program Files\nodejs\node.exe C:\Users\Eduar\AppData\Roaming\npm\node_modules\firebase-tools\lib\bin\firebase.js init
[debug] [2023-01-11T18:19:33.767Z] CLI Version:   11.20.0
[debug] [2023-01-11T18:19:33.767Z] Platform:      win32
[debug] [2023-01-11T18:19:33.767Z] Node Version:  v16.17.1
[debug] [2023-01-11T18:19:33.768Z] Time:          Wed Jan 11 2023 12:19:33 GMT-0600 (Central Standard Time)
[debug] [2023-01-11T18:19:33.769Z] ----------------------------------------------------------------------
[debug] 
[debug] [2023-01-11T18:19:33.782Z] > command requires scopes: ["email","openid","https://www.googleapis.com/auth/cloudplatformprojects.readonly","https://www.googleapis.com/auth/firebase","https://www.googleapis.com/auth/cloud-platform"]
[debug] [2023-01-11T18:19:33.782Z] > authorizing via signed-in user (emsierra00@gmail.com)
[info] 
     ######## #### ########  ######## ########     ###     ######  ########
     ##        ##  ##     ## ##       ##     ##  ##   ##  ##       ##
     ######    ##  ########  ######   ########  #########  ######  ######
     ##        ##  ##    ##  ##       ##     ## ##     ##       ## ##
     ##       #### ##     ## ######## ########  ##     ##  ######  ########

You're about to initialize a Firebase project in this directory:

  C:\Users\Eduar\Desktop\Proyectos\Portfolio V2 - Eduardo Sierra\portfolio_v2_eduardo_sierra

[info] 
=== Project Setup
[info] 
[info] First, let's associate this project directory with a Firebase project.
[info] You can create multiple project aliases by running firebase use --add, 
[info] but for now we'll just set up a default project.
[info] 
[debug] [2023-01-11T18:19:48.221Z] > refreshing access token with scopes: []
[debug] [2023-01-11T18:19:48.224Z] >>> [apiv2][query] POST https://www.googleapis.com/oauth2/v3/token [none]
[debug] [2023-01-11T18:19:48.224Z] >>> [apiv2][body] POST https://www.googleapis.com/oauth2/v3/token [omitted]
[debug] [2023-01-11T18:19:49.134Z] <<< [apiv2][status] POST https://www.googleapis.com/oauth2/v3/token 200
[debug] [2023-01-11T18:19:49.135Z] <<< [apiv2][body] POST https://www.googleapis.com/oauth2/v3/token [omitted]
[debug] [2023-01-11T18:19:49.146Z] >>> [apiv2][query] GET https://firebase.googleapis.com/v1beta1/projects pageSize=100
[debug] [2023-01-11T18:19:49.939Z] <<< [apiv2][status] GET https://firebase.googleapis.com/v1beta1/projects 200
[debug] [2023-01-11T18:19:49.939Z] <<< [apiv2][body] GET https://firebase.googleapis.com/v1beta1/projects [omitted]
[info] i  Using project portfolio-eduardo-sierra-v2 (Portfolio Eduardo Sierra V2) 
[info] 
=== Hosting Setup
[info] 
[info] Your public directory is the folder (relative to your project directory) that
[info] will contain Hosting assets to be uploaded with firebase deploy. If you
[info] have a build process for your assets, use your build's output directory.
[info] 
